<?xml version="1.0" encoding="UTF-8"?>
<!-- Generated by org.testng.reporters.JUnitReportReporter -->
<testsuite hostname="Net-PC" name="driverfactory.TestScript4" tests="1" failures="0" timestamp="28 Feb 2021 01:51:38 GMT" time="33.049" errors="0">
  <testcase name="abc" time="33.049" classname="driverfactory.TestScript4"/>
</testsuite> <!-- driverfactory.TestScript4 -->
