<?xml version="1.0" encoding="UTF-8"?>
<!-- Generated by org.testng.reporters.JUnitReportReporter -->
<testsuite hostname="Net-PC" name="driverfactory.TestScript5" tests="1" failures="0" timestamp="28 Feb 2021 02:28:11 GMT" time="33.717" errors="0">
  <testcase name="draganddrop" time="33.717" classname="driverfactory.TestScript5"/>
</testsuite> <!-- driverfactory.TestScript5 -->
