<?xml version="1.0" encoding="UTF-8"?>
<!-- Generated by org.testng.reporters.JUnitReportReporter -->
<testsuite hostname="Net-PC" name="driverfactory.TestScript2" tests="1" failures="0" timestamp="28 Feb 2021 00:43:50 GMT" time="36.916" errors="0">
  <testcase name="abc" time="36.916" classname="driverfactory.TestScript2"/>
</testsuite> <!-- driverfactory.TestScript2 -->
