<?xml version="1.0" encoding="UTF-8"?>
<!-- Generated by org.testng.reporters.JUnitReportReporter -->
<testsuite hostname="Net-PC" name="driverfactory.RegistrationTestScript" tests="1" failures="0" timestamp="28 Feb 2021 20:18:16 GMT" time="49.398" errors="0">
  <testcase name="StudentCreation" time="49.398" classname="driverfactory.RegistrationTestScript"/>
</testsuite> <!-- driverfactory.RegistrationTestScript -->
