<?xml version="1.0" encoding="UTF-8"?>
<!-- Generated by org.testng.reporters.JUnitReportReporter -->
<testsuite hostname="Net-PC" name="driverfactory.TestScript6" tests="1" failures="0" timestamp="28 Feb 2021 12:13:01 GMT" time="33.553" errors="0">
  <testcase name="datepikcerselection" time="33.553" classname="driverfactory.TestScript6"/>
</testsuite> <!-- driverfactory.TestScript6 -->
