<?xml version="1.0" encoding="UTF-8"?>
<!-- Generated by org.testng.reporters.JUnitReportReporter -->
<testsuite hostname="Net-PC" name="driverfactory.AlertTestScript" tests="1" failures="0" timestamp="28 Feb 2021 20:06:24 GMT" time="38.790" errors="0">
  <testcase name="alertclick" time="38.790" classname="driverfactory.AlertTestScript"/>
</testsuite> <!-- driverfactory.AlertTestScript -->
