<?xml version="1.0" encoding="UTF-8"?>
<!-- Generated by org.testng.reporters.JUnitReportReporter -->
<testsuite hostname="Net-PC" name="driverfactory.ToolTipTestScript" tests="1" failures="0" timestamp="28 Feb 2021 20:10:37 GMT" time="38.791" errors="0">
  <testcase name="tooltip" time="38.791" classname="driverfactory.ToolTipTestScript"/>
</testsuite> <!-- driverfactory.ToolTipTestScript -->
