<?xml version="1.0" encoding="UTF-8"?>
<!-- Generated by org.testng.reporters.JUnitReportReporter -->
<testsuite hostname="Net-PC" name="driverfactory.DragAndDropTestScript" tests="1" failures="0" timestamp="28 Feb 2021 20:13:13 GMT" time="34.563" errors="0">
  <testcase name="draganddrop" time="34.563" classname="driverfactory.DragAndDropTestScript"/>
</testsuite> <!-- driverfactory.DragAndDropTestScript -->
