<?xml version="1.0" encoding="UTF-8"?>
<!-- Generated by org.testng.reporters.JUnitReportReporter -->
<testsuite hostname="Net-PC" name="driverfactory.DatePickerTestScript" tests="1" failures="0" timestamp="28 Feb 2021 20:28:10 GMT" time="41.059" errors="0">
  <testcase name="datepikcerselection" time="41.059" classname="driverfactory.DatePickerTestScript"/>
</testsuite> <!-- driverfactory.DatePickerTestScript -->
