<?xml version="1.0" encoding="UTF-8"?>
<!-- Generated by org.testng.reporters.JUnitReportReporter -->
<testsuite hostname="Net-PC" name="driverfactory.ModalTestScript" tests="1" failures="0" timestamp="28 Feb 2021 20:11:59 GMT" time="34.919" errors="0">
  <testcase name="smallmodal" time="34.919" classname="driverfactory.ModalTestScript"/>
</testsuite> <!-- driverfactory.ModalTestScript -->
